Arguments: 
  /opt/software/node-v8.9.0-linux-x64/bin/node /opt/software/node-v8.9.0-linux-x64/bin/yarn install

PATH: 
  /opt/software/node-v8.9.0-linux-x64/bin:/opt/software/node-v8.9.0-linux-x64/bin:/usr/local/sbin:/usr/local/bin:/usr/sbin:/usr/bin:/sbin:/bin:/usr/games:/usr/local/games:/snap/bin

Yarn version: 
  1.3.2

Node version: 
  8.9.0

Platform: 
  linux x64

npm manifest: 
  {
  	"name": "",
  	"version": "1.10.0",
  	"description": "",
  	"license": "",
  	"repository": {
  		"type": "git",
  		"url": "http://10.1.5.1:8080/git/summary/APP!kai.git"
  	},
  	"devDependencies": {
  		"intern": ^"2.0.3",
  		"stylus": ^"0.48.1"
  	},
  	"bugs": "",
  	"keywords": [ "JavaScript", "Dojo"],
  	"homepage": ""
  }

yarn manifest: 
  No manifest

Lockfile: 
  No lockfile

Trace: 
  SyntaxError: /opt/develop/accounts/public/accounts/build/package.json: Unexpected token ^ in JSON at position 201
      at JSON.parse (<anonymous>)
      at /opt/software/node-v8.9.0-linux-x64/lib/node_modules/yarn/lib/cli.js:770:59
      at Generator.next (<anonymous>)
      at step (/opt/software/node-v8.9.0-linux-x64/lib/node_modules/yarn/lib/cli.js:92:30)
      at /opt/software/node-v8.9.0-linux-x64/lib/node_modules/yarn/lib/cli.js:103:13
      at <anonymous>
